2024/01/03 15:04:41 [error] [php] Undefined variable: tableThemes (C:\xampp\htdocs\Exercise2\protected\views\exercise\list.php:19)
Stack trace:
#0 C:\xampp\htdocs\yii\framework\web\CController.php(869): ExerciseController->renderFile()
#1 C:\xampp\htdocs\yii\framework\web\CController.php(782): ExerciseController->renderPartial()
#2 C:\xampp\htdocs\Exercise2\protected\controllers\ExerciseController.php(177): ExerciseController->render()
#3 C:\xampp\htdocs\yii\framework\web\actions\CInlineAction.php(49): ExerciseController->actionList()
#4 C:\xampp\htdocs\yii\framework\web\CController.php(308): CInlineAction->runWithParams()
#5 C:\xampp\htdocs\yii\framework\web\filters\CFilterChain.php(133): ExerciseController->runAction()
#6 C:\xampp\htdocs\yii\framework\web\filters\CFilter.php(40): CFilterChain->run()
#7 C:\xampp\htdocs\yii\framework\web\CController.php(1145): CAccessControlFilter->filter()
#8 C:\xampp\htdocs\yii\framework\web\filters\CInlineFilter.php(58): ExerciseController->filterAccessControl()
#9 C:\xampp\htdocs\yii\framework\web\filters\CFilterChain.php(130): CInlineFilter->filter()
#10 C:\xampp\htdocs\yii\framework\web\CController.php(291): CFilterChain->run()
#11 C:\xampp\htdocs\yii\framework\web\CController.php(265): ExerciseController->runActionWithFilters()
#12 C:\xampp\htdocs\yii\framework\web\CWebApplication.php(282): ExerciseController->run()
#13 C:\xampp\htdocs\yii\framework\web\CWebApplication.php(141): CWebApplication->runController()
#14 C:\xampp\htdocs\yii\framework\base\CApplication.php(180): CWebApplication->processRequest()
#15 C:\xampp\htdocs\Exercise2\index.php(13): CWebApplication->run()
REQUEST_URI=/Exercise2/index.php?r=exercise/list
in C:\xampp\htdocs\Exercise2\protected\views\exercise\list.php (19)
in C:\xampp\htdocs\Exercise2\protected\controllers\ExerciseController.php (177)
in C:\xampp\htdocs\Exercise2\index.php (13)
2024/01/03 15:05:01 [error] [php] Undefined variable: tableThemes (C:\xampp\htdocs\Exercise2\protected\views\exercise\list.php:19)
Stack trace:
#0 C:\xampp\htdocs\yii\framework\web\CController.php(869): ExerciseController->renderFile()
#1 C:\xampp\htdocs\yii\framework\web\CController.php(782): ExerciseController->renderPartial()
#2 C:\xampp\htdocs\Exercise2\protected\controllers\ExerciseController.php(177): ExerciseController->render()
#3 C:\xampp\htdocs\yii\framework\web\actions\CInlineAction.php(49): ExerciseController->actionList()
#4 C:\xampp\htdocs\yii\framework\web\CController.php(308): CInlineAction->runWithParams()
#5 C:\xampp\htdocs\yii\framework\web\filters\CFilterChain.php(133): ExerciseController->runAction()
#6 C:\xampp\htdocs\yii\framework\web\filters\CFilter.php(40): CFilterChain->run()
#7 C:\xampp\htdocs\yii\framework\web\CController.php(1145): CAccessControlFilter->filter()
#8 C:\xampp\htdocs\yii\framework\web\filters\CInlineFilter.php(58): ExerciseController->filterAccessControl()
#9 C:\xampp\htdocs\yii\framework\web\filters\CFilterChain.php(130): CInlineFilter->filter()
#10 C:\xampp\htdocs\yii\framework\web\CController.php(291): CFilterChain->run()
#11 C:\xampp\htdocs\yii\framework\web\CController.php(265): ExerciseController->runActionWithFilters()
#12 C:\xampp\htdocs\yii\framework\web\CWebApplication.php(282): ExerciseController->run()
#13 C:\xampp\htdocs\yii\framework\web\CWebApplication.php(141): CWebApplication->runController()
#14 C:\xampp\htdocs\yii\framework\base\CApplication.php(180): CWebApplication->processRequest()
#15 C:\xampp\htdocs\Exercise2\index.php(13): CWebApplication->run()
REQUEST_URI=/Exercise2/index.php?r=exercise/list
in C:\xampp\htdocs\Exercise2\protected\views\exercise\list.php (19)
in C:\xampp\htdocs\Exercise2\protected\controllers\ExerciseController.php (177)
in C:\xampp\htdocs\Exercise2\index.php (13)
2024/01/03 15:09:35 [error] [php] Undefined variable: tableThemes (C:\xampp\htdocs\Exercise2\protected\views\exercise\list.php:19)
Stack trace:
#0 C:\xampp\htdocs\yii\framework\web\CController.php(869): ExerciseController->renderFile()
#1 C:\xampp\htdocs\yii\framework\web\CController.php(782): ExerciseController->renderPartial()
#2 C:\xampp\htdocs\Exercise2\protected\controllers\ExerciseController.php(177): ExerciseController->render()
#3 C:\xampp\htdocs\yii\framework\web\actions\CInlineAction.php(49): ExerciseController->actionList()
#4 C:\xampp\htdocs\yii\framework\web\CController.php(308): CInlineAction->runWithParams()
#5 C:\xampp\htdocs\yii\framework\web\filters\CFilterChain.php(133): ExerciseController->runAction()
#6 C:\xampp\htdocs\yii\framework\web\filters\CFilter.php(40): CFilterChain->run()
#7 C:\xampp\htdocs\yii\framework\web\CController.php(1145): CAccessControlFilter->filter()
#8 C:\xampp\htdocs\yii\framework\web\filters\CInlineFilter.php(58): ExerciseController->filterAccessControl()
#9 C:\xampp\htdocs\yii\framework\web\filters\CFilterChain.php(130): CInlineFilter->filter()
#10 C:\xampp\htdocs\yii\framework\web\CController.php(291): CFilterChain->run()
#11 C:\xampp\htdocs\yii\framework\web\CController.php(265): ExerciseController->runActionWithFilters()
#12 C:\xampp\htdocs\yii\framework\web\CWebApplication.php(282): ExerciseController->run()
#13 C:\xampp\htdocs\yii\framework\web\CWebApplication.php(141): CWebApplication->runController()
#14 C:\xampp\htdocs\yii\framework\base\CApplication.php(180): CWebApplication->processRequest()
#15 C:\xampp\htdocs\Exercise2\index.php(13): CWebApplication->run()
REQUEST_URI=/Exercise2/index.php?r=exercise/list
in C:\xampp\htdocs\Exercise2\protected\views\exercise\list.php (19)
in C:\xampp\htdocs\Exercise2\protected\controllers\ExerciseController.php (177)
in C:\xampp\htdocs\Exercise2\index.php (13)
2024/01/03 15:09:36 [error] [php] Undefined variable: tableThemes (C:\xampp\htdocs\Exercise2\protected\views\exercise\list.php:19)
Stack trace:
#0 C:\xampp\htdocs\yii\framework\web\CController.php(869): ExerciseController->renderFile()
#1 C:\xampp\htdocs\yii\framework\web\CController.php(782): ExerciseController->renderPartial()
#2 C:\xampp\htdocs\Exercise2\protected\controllers\ExerciseController.php(177): ExerciseController->render()
#3 C:\xampp\htdocs\yii\framework\web\actions\CInlineAction.php(49): ExerciseController->actionList()
#4 C:\xampp\htdocs\yii\framework\web\CController.php(308): CInlineAction->runWithParams()
#5 C:\xampp\htdocs\yii\framework\web\filters\CFilterChain.php(133): ExerciseController->runAction()
#6 C:\xampp\htdocs\yii\framework\web\filters\CFilter.php(40): CFilterChain->run()
#7 C:\xampp\htdocs\yii\framework\web\CController.php(1145): CAccessControlFilter->filter()
#8 C:\xampp\htdocs\yii\framework\web\filters\CInlineFilter.php(58): ExerciseController->filterAccessControl()
#9 C:\xampp\htdocs\yii\framework\web\filters\CFilterChain.php(130): CInlineFilter->filter()
#10 C:\xampp\htdocs\yii\framework\web\CController.php(291): CFilterChain->run()
#11 C:\xampp\htdocs\yii\framework\web\CController.php(265): ExerciseController->runActionWithFilters()
#12 C:\xampp\htdocs\yii\framework\web\CWebApplication.php(282): ExerciseController->run()
#13 C:\xampp\htdocs\yii\framework\web\CWebApplication.php(141): CWebApplication->runController()
#14 C:\xampp\htdocs\yii\framework\base\CApplication.php(180): CWebApplication->processRequest()
#15 C:\xampp\htdocs\Exercise2\index.php(13): CWebApplication->run()
REQUEST_URI=/Exercise2/index.php?r=exercise/list
in C:\xampp\htdocs\Exercise2\protected\views\exercise\list.php (19)
in C:\xampp\htdocs\Exercise2\protected\controllers\ExerciseController.php (177)
in C:\xampp\htdocs\Exercise2\index.php (13)
2024/01/03 15:15:26 [error] [exception.CException] exception 'CException' with message 'Property "Exercise.Remark" is not defined.' in C:\xampp\htdocs\yii\framework\base\CComponent.php:130
Stack trace:
#0 C:\xampp\htdocs\yii\framework\db\ar\CActiveRecord.php(145): CComponent->__get('Remark')
#1 C:\xampp\htdocs\Exercise2\protected\views\exercise\list.php(37): CActiveRecord->__get('Remark')
#2 C:\xampp\htdocs\yii\framework\web\CBaseController.php(126): require('C:\\xampp\\htdocs...')
#3 C:\xampp\htdocs\yii\framework\web\CBaseController.php(95): CBaseController->renderInternal('C:\\xampp\\htdocs...', Array, true)
#4 C:\xampp\htdocs\yii\framework\web\CController.php(869): CBaseController->renderFile('C:\\xampp\\htdocs...', Array, true)
#5 C:\xampp\htdocs\yii\framework\web\CController.php(782): CController->renderPartial('list', Array, true)
#6 C:\xampp\htdocs\Exercise2\protected\controllers\ExerciseController.php(177): CController->render('list', Array)
#7 C:\xampp\htdocs\yii\framework\web\actions\CInlineAction.php(49): ExerciseController->actionList()
#8 C:\xampp\htdocs\yii\framework\web\CController.php(308): CInlineAction->runWithParams(Array)
#9 C:\xampp\htdocs\yii\framework\web\filters\CFilterChain.php(133): CController->runAction(Object(CInlineAction))
#10 C:\xampp\htdocs\yii\framework\web\filters\CFilter.php(40): CFilterChain->run()
#11 C:\xampp\htdocs\yii\framework\web\CController.php(1145): CFilter->filter(Object(CFilterChain))
#12 C:\xampp\htdocs\yii\framework\web\filters\CInlineFilter.php(58): CController->filterAccessControl(Object(CFilterChain))
#13 C:\xampp\htdocs\yii\framework\web\filters\CFilterChain.php(130): CInlineFilter->filter(Object(CFilterChain))
#14 C:\xampp\htdocs\yii\framework\web\CController.php(291): CFilterChain->run()
#15 C:\xampp\htdocs\yii\framework\web\CController.php(265): CController->runActionWithFilters(Object(CInlineAction), Array)
#16 C:\xampp\htdocs\yii\framework\web\CWebApplication.php(282): CController->run('list')
#17 C:\xampp\htdocs\yii\framework\web\CWebApplication.php(141): CWebApplication->runController('exercise/list')
#18 C:\xampp\htdocs\yii\framework\base\CApplication.php(180): CWebApplication->processRequest()
#19 C:\xampp\htdocs\Exercise2\index.php(13): CApplication->run()
#20 {main}
REQUEST_URI=/Exercise2/index.php?r=exercise/list
---
2024/01/03 15:18:49 [error] [exception.CException] exception 'CException' with message 'Exercise has an invalid validation rule. The rule must specify attributes to be validated and the validator name.' in C:\xampp\htdocs\yii\framework\base\CModel.php:289
Stack trace:
#0 C:\xampp\htdocs\yii\framework\base\CModel.php(260): CModel->createValidators()
#1 C:\xampp\htdocs\yii\framework\base\CModel.php(304): CModel->getValidators('volunteer')
#2 C:\xampp\htdocs\yii\framework\web\helpers\CHtml.php(1414): CModel->isAttributeRequired('volunteer')
#3 C:\xampp\htdocs\yii\framework\web\widgets\CActiveForm.php(597): CHtml::activeLabelEx(Object(Exercise), 'volunteer', Array)
#4 C:\xampp\htdocs\Exercise2\protected\views\exercise\_form.php(61): CActiveForm->labelEx(Object(Exercise), 'volunteer')
#5 C:\xampp\htdocs\yii\framework\web\CBaseController.php(126): require('C:\\xampp\\htdocs...')
#6 C:\xampp\htdocs\yii\framework\web\CBaseController.php(95): CBaseController->renderInternal('C:\\xampp\\htdocs...', Array, true)
#7 C:\xampp\htdocs\yii\framework\web\CController.php(869): CBaseController->renderFile('C:\\xampp\\htdocs...', Array, true)
#8 C:\xampp\htdocs\Exercise2\protected\views\exercise\create.php(18): CController->renderPartial('_form', Array)
#9 C:\xampp\htdocs\yii\framework\web\CBaseController.php(126): require('C:\\xampp\\htdocs...')
#10 C:\xampp\htdocs\yii\framework\web\CBaseController.php(95): CBaseController->renderInternal('C:\\xampp\\htdocs...', Array, true)
#11 C:\xampp\htdocs\yii\framework\web\CController.php(869): CBaseController->renderFile('C:\\xampp\\htdocs...', Array, true)
#12 C:\xampp\htdocs\yii\framework\web\CController.php(782): CController->renderPartial('create', Array, true)
#13 C:\xampp\htdocs\Exercise2\protected\controllers\ExerciseController.php(79): CController->render('create', Array)
#14 C:\xampp\htdocs\yii\framework\web\actions\CInlineAction.php(49): ExerciseController->actionCreate()
#15 C:\xampp\htdocs\yii\framework\web\CController.php(308): CInlineAction->runWithParams(Array)
#16 C:\xampp\htdocs\yii\framework\web\filters\CFilterChain.php(133): CController->runAction(Object(CInlineAction))
#17 C:\xampp\htdocs\yii\framework\web\filters\CFilter.php(40): CFilterChain->run()
#18 C:\xampp\htdocs\yii\framework\web\CController.php(1145): CFilter->filter(Object(CFilterChain))
#19 C:\xampp\htdocs\yii\framework\web\filters\CInlineFilter.php(58): CController->filterAccessControl(Object(CFilterChain))
#20 C:\xampp\htdocs\yii\framework\web\filters\CFilterChain.php(130): CInlineFilter->filter(Object(CFilterChain))
#21 C:\xampp\htdocs\yii\framework\web\CController.php(291): CFilterChain->run()
#22 C:\xampp\htdocs\yii\framework\web\CController.php(265): CController->runActionWithFilters(Object(CInlineAction), Array)
#23 C:\xampp\htdocs\yii\framework\web\CWebApplication.php(282): CController->run('create')
#24 C:\xampp\htdocs\yii\framework\web\CWebApplication.php(141): CWebApplication->runController('exercise/create')
#25 C:\xampp\htdocs\yii\framework\base\CApplication.php(180): CWebApplication->processRequest()
#26 C:\xampp\htdocs\Exercise2\index.php(13): CApplication->run()
#27 {main}
REQUEST_URI=/Exercise2/index.php?r=exercise/create
HTTP_REFERER=http://localhost/Exercise2/index.php?r=exercise/view&id=
---
2024/01/03 15:19:19 [error] [exception.CException] exception 'CException' with message 'Exercise has an invalid validation rule. The rule must specify attributes to be validated and the validator name.' in C:\xampp\htdocs\yii\framework\base\CModel.php:289
Stack trace:
#0 C:\xampp\htdocs\yii\framework\base\CModel.php(260): CModel->createValidators()
#1 C:\xampp\htdocs\yii\framework\base\CModel.php(304): CModel->getValidators('volunteer')
#2 C:\xampp\htdocs\yii\framework\web\helpers\CHtml.php(1414): CModel->isAttributeRequired('volunteer')
#3 C:\xampp\htdocs\yii\framework\web\widgets\CActiveForm.php(597): CHtml::activeLabelEx(Object(Exercise), 'volunteer', Array)
#4 C:\xampp\htdocs\Exercise2\protected\views\exercise\_form.php(61): CActiveForm->labelEx(Object(Exercise), 'volunteer')
#5 C:\xampp\htdocs\yii\framework\web\CBaseController.php(126): require('C:\\xampp\\htdocs...')
#6 C:\xampp\htdocs\yii\framework\web\CBaseController.php(95): CBaseController->renderInternal('C:\\xampp\\htdocs...', Array, true)
#7 C:\xampp\htdocs\yii\framework\web\CController.php(869): CBaseController->renderFile('C:\\xampp\\htdocs...', Array, true)
#8 C:\xampp\htdocs\Exercise2\protected\views\exercise\create.php(18): CController->renderPartial('_form', Array)
#9 C:\xampp\htdocs\yii\framework\web\CBaseController.php(126): require('C:\\xampp\\htdocs...')
#10 C:\xampp\htdocs\yii\framework\web\CBaseController.php(95): CBaseController->renderInternal('C:\\xampp\\htdocs...', Array, true)
#11 C:\xampp\htdocs\yii\framework\web\CController.php(869): CBaseController->renderFile('C:\\xampp\\htdocs...', Array, true)
#12 C:\xampp\htdocs\yii\framework\web\CController.php(782): CController->renderPartial('create', Array, true)
#13 C:\xampp\htdocs\Exercise2\protected\controllers\ExerciseController.php(79): CController->render('create', Array)
#14 C:\xampp\htdocs\yii\framework\web\actions\CInlineAction.php(49): ExerciseController->actionCreate()
#15 C:\xampp\htdocs\yii\framework\web\CController.php(308): CInlineAction->runWithParams(Array)
#16 C:\xampp\htdocs\yii\framework\web\filters\CFilterChain.php(133): CController->runAction(Object(CInlineAction))
#17 C:\xampp\htdocs\yii\framework\web\filters\CFilter.php(40): CFilterChain->run()
#18 C:\xampp\htdocs\yii\framework\web\CController.php(1145): CFilter->filter(Object(CFilterChain))
#19 C:\xampp\htdocs\yii\framework\web\filters\CInlineFilter.php(58): CController->filterAccessControl(Object(CFilterChain))
#20 C:\xampp\htdocs\yii\framework\web\filters\CFilterChain.php(130): CInlineFilter->filter(Object(CFilterChain))
#21 C:\xampp\htdocs\yii\framework\web\CController.php(291): CFilterChain->run()
#22 C:\xampp\htdocs\yii\framework\web\CController.php(265): CController->runActionWithFilters(Object(CInlineAction), Array)
#23 C:\xampp\htdocs\yii\framework\web\CWebApplication.php(282): CController->run('create')
#24 C:\xampp\htdocs\yii\framework\web\CWebApplication.php(141): CWebApplication->runController('exercise/create')
#25 C:\xampp\htdocs\yii\framework\base\CApplication.php(180): CWebApplication->processRequest()
#26 C:\xampp\htdocs\Exercise2\index.php(13): CApplication->run()
#27 {main}
REQUEST_URI=/Exercise2/index.php?r=exercise/create
HTTP_REFERER=http://localhost/Exercise2/index.php?r=exercise/view&id=
---
2024/01/03 15:19:28 [error] [exception.CException] exception 'CException' with message 'Exercise has an invalid validation rule. The rule must specify attributes to be validated and the validator name.' in C:\xampp\htdocs\yii\framework\base\CModel.php:289
Stack trace:
#0 C:\xampp\htdocs\yii\framework\base\CModel.php(260): CModel->createValidators()
#1 C:\xampp\htdocs\yii\framework\base\CModel.php(304): CModel->getValidators('volunteer')
#2 C:\xampp\htdocs\yii\framework\web\helpers\CHtml.php(1414): CModel->isAttributeRequired('volunteer')
#3 C:\xampp\htdocs\yii\framework\web\widgets\CActiveForm.php(597): CHtml::activeLabelEx(Object(Exercise), 'volunteer', Array)
#4 C:\xampp\htdocs\Exercise2\protected\views\exercise\_form.php(61): CActiveForm->labelEx(Object(Exercise), 'volunteer')
#5 C:\xampp\htdocs\yii\framework\web\CBaseController.php(126): require('C:\\xampp\\htdocs...')
#6 C:\xampp\htdocs\yii\framework\web\CBaseController.php(95): CBaseController->renderInternal('C:\\xampp\\htdocs...', Array, true)
#7 C:\xampp\htdocs\yii\framework\web\CController.php(869): CBaseController->renderFile('C:\\xampp\\htdocs...', Array, true)
#8 C:\xampp\htdocs\Exercise2\protected\views\exercise\create.php(18): CController->renderPartial('_form', Array)
#9 C:\xampp\htdocs\yii\framework\web\CBaseController.php(126): require('C:\\xampp\\htdocs...')
#10 C:\xampp\htdocs\yii\framework\web\CBaseController.php(95): CBaseController->renderInternal('C:\\xampp\\htdocs...', Array, true)
#11 C:\xampp\htdocs\yii\framework\web\CController.php(869): CBaseController->renderFile('C:\\xampp\\htdocs...', Array, true)
#12 C:\xampp\htdocs\yii\framework\web\CController.php(782): CController->renderPartial('create', Array, true)
#13 C:\xampp\htdocs\Exercise2\protected\controllers\ExerciseController.php(79): CController->render('create', Array)
#14 C:\xampp\htdocs\yii\framework\web\actions\CInlineAction.php(49): ExerciseController->actionCreate()
#15 C:\xampp\htdocs\yii\framework\web\CController.php(308): CInlineAction->runWithParams(Array)
#16 C:\xampp\htdocs\yii\framework\web\filters\CFilterChain.php(133): CController->runAction(Object(CInlineAction))
#17 C:\xampp\htdocs\yii\framework\web\filters\CFilter.php(40): CFilterChain->run()
#18 C:\xampp\htdocs\yii\framework\web\CController.php(1145): CFilter->filter(Object(CFilterChain))
#19 C:\xampp\htdocs\yii\framework\web\filters\CInlineFilter.php(58): CController->filterAccessControl(Object(CFilterChain))
#20 C:\xampp\htdocs\yii\framework\web\filters\CFilterChain.php(130): CInlineFilter->filter(Object(CFilterChain))
#21 C:\xampp\htdocs\yii\framework\web\CController.php(291): CFilterChain->run()
#22 C:\xampp\htdocs\yii\framework\web\CController.php(265): CController->runActionWithFilters(Object(CInlineAction), Array)
#23 C:\xampp\htdocs\yii\framework\web\CWebApplication.php(282): CController->run('create')
#24 C:\xampp\htdocs\yii\framework\web\CWebApplication.php(141): CWebApplication->runController('exercise/create')
#25 C:\xampp\htdocs\yii\framework\base\CApplication.php(180): CWebApplication->processRequest()
#26 C:\xampp\htdocs\Exercise2\index.php(13): CApplication->run()
#27 {main}
REQUEST_URI=/Exercise2/index.php?r=exercise/create
HTTP_REFERER=http://localhost/Exercise2/index.php?r=exercise/view&id=
---
2024/01/03 15:20:01 [error] [system.db.CDbCommand] CDbCommand::execute() failed: SQLSTATE[23000]: Integrity constraint violation: 1062 Duplicate entry '0' for key 'PRIMARY'. The SQL statement executed was: INSERT INTO `exercise` (`volunteer`, `name`, `profession`, `location`, `country`, `email`, `phone`, `remark`) VALUES (:yp0, :yp1, :yp2, :yp3, :yp4, :yp5, :yp6, :yp7).
in C:\xampp\htdocs\Exercise2\protected\controllers\ExerciseController.php (73)
in C:\xampp\htdocs\Exercise2\index.php (13)
2024/01/03 15:20:01 [error] [exception.CDbException] exception 'CDbException' with message 'CDbCommand failed to execute the SQL statement: SQLSTATE[23000]: Integrity constraint violation: 1062 Duplicate entry '0' for key 'PRIMARY'. The SQL statement executed was: INSERT INTO `exercise` (`volunteer`, `name`, `profession`, `location`, `country`, `email`, `phone`, `remark`) VALUES (:yp0, :yp1, :yp2, :yp3, :yp4, :yp5, :yp6, :yp7)' in C:\xampp\htdocs\yii\framework\db\CDbCommand.php:358
Stack trace:
#0 C:\xampp\htdocs\yii\framework\db\ar\CActiveRecord.php(1077): CDbCommand->execute()
#1 C:\xampp\htdocs\yii\framework\db\ar\CActiveRecord.php(806): CActiveRecord->insert(NULL)
#2 C:\xampp\htdocs\Exercise2\protected\controllers\ExerciseController.php(73): CActiveRecord->save()
#3 C:\xampp\htdocs\yii\framework\web\actions\CInlineAction.php(49): ExerciseController->actionCreate()
#4 C:\xampp\htdocs\yii\framework\web\CController.php(308): CInlineAction->runWithParams(Array)
#5 C:\xampp\htdocs\yii\framework\web\filters\CFilterChain.php(133): CController->runAction(Object(CInlineAction))
#6 C:\xampp\htdocs\yii\framework\web\filters\CFilter.php(40): CFilterChain->run()
#7 C:\xampp\htdocs\yii\framework\web\CController.php(1145): CFilter->filter(Object(CFilterChain))
#8 C:\xampp\htdocs\yii\framework\web\filters\CInlineFilter.php(58): CController->filterAccessControl(Object(CFilterChain))
#9 C:\xampp\htdocs\yii\framework\web\filters\CFilterChain.php(130): CInlineFilter->filter(Object(CFilterChain))
#10 C:\xampp\htdocs\yii\framework\web\CController.php(291): CFilterChain->run()
#11 C:\xampp\htdocs\yii\framework\web\CController.php(265): CController->runActionWithFilters(Object(CInlineAction), Array)
#12 C:\xampp\htdocs\yii\framework\web\CWebApplication.php(282): CController->run('create')
#13 C:\xampp\htdocs\yii\framework\web\CWebApplication.php(141): CWebApplication->runController('exercise/create')
#14 C:\xampp\htdocs\yii\framework\base\CApplication.php(180): CWebApplication->processRequest()
#15 C:\xampp\htdocs\Exercise2\index.php(13): CApplication->run()
#16 {main}
REQUEST_URI=/Exercise2/index.php?r=exercise/create
HTTP_REFERER=http://localhost/Exercise2/index.php?r=exercise/create
---
